{"numFailedTestSuites":1,"numFailedTests":1,"numPassedTestSuites":0,"numPassedTests":39,"numPendingTestSuites":0,"numPendingTests":0,"numRuntimeErrorTestSuites":0,"numTodoTests":0,"numTotalTestSuites":1,"numTotalTests":40,"openHandles":[{"message":"Timeout","name":"Error","stack":"Error: Timeout\n    at emitInitNative (node:internal/async_hooks:206:43)\n    at emitInitScript (node:internal/async_hooks:513:3)\n    at initAsyncResource (node:internal/timers:170:5)\n    at new Timeout (node:internal/timers:220:5)\n    at setInterval (node:timers:161:19)\n    at SlotMachineManager.startLoop (C:\\Users\\Abdulkadir\\Cosmic_Connect\\backend\\src\\services\\slot.service.ts:25:9)\n    at SlotMachineManager.initialize (C:\\Users\\Abdulkadir\\Cosmic_Connect\\backend\\src\\services\\slot.service.ts:21:14)\n    at setupSocket (C:\\Users\\Abdulkadir\\Cosmic_Connect\\backend\\src\\controllers\\socket.controller.ts:32:21)\n    at Object.<anonymous> (C:\\Users\\Abdulkadir\\Cosmic_Connect\\backend\\src\\index.ts:88:12)\n    at Runtime._execModule (C:\\Users\\Abdulkadir\\Cosmic_Connect\\backend\\node_modules\\jest-runtime\\build\\index.js:1264:24)\n    at Runtime._loadModule (C:\\Users\\Abdulkadir\\Cosmic_Connect\\backend\\node_modules\\jest-runtime\\build\\index.js:940:12)\n    at Runtime.requireModule (C:\\Users\\Abdulkadir\\Cosmic_Connect\\backend\\node_modules\\jest-runtime\\build\\index.js:828:12)\n    at Runtime.requireModuleOrMock (C:\\Users\\Abdulkadir\\Cosmic_Connect\\backend\\node_modules\\jest-runtime\\build\\index.js:960:21)\n    at Object.<anonymous> (C:\\Users\\Abdulkadir\\Cosmic_Connect\\backend\\src\\__tests__\\03-features-admin-infra.test.ts:5:1)\n    at Runtime._execModule (C:\\Users\\Abdulkadir\\Cosmic_Connect\\backend\\node_modules\\jest-runtime\\build\\index.js:1264:24)\n    at Runtime._loadModule (C:\\Users\\Abdulkadir\\Cosmic_Connect\\backend\\node_modules\\jest-runtime\\build\\index.js:940:12)\n    at Runtime.requireModule (C:\\Users\\Abdulkadir\\Cosmic_Connect\\backend\\node_modules\\jest-runtime\\build\\index.js:828:12)\n    at jestAdapter (C:\\Users\\Abdulkadir\\Cosmic_Connect\\backend\\node_modules\\jest-circus\\build\\runner.js:95:13)\n    at runTestInternal (C:\\Users\\Abdulkadir\\Cosmic_Connect\\backend\\node_modules\\jest-runner\\build\\index.js:275:16)\n    at runTest (C:\\Users\\Abdulkadir\\Cosmic_Connect\\backend\\node_modules\\jest-runner\\build\\index.js:343:7)"}],"snapshot":{"added":0,"didUpdate":false,"failure":false,"filesAdded":0,"filesRemoved":0,"filesRemovedList":[],"filesUnmatched":0,"filesUpdated":0,"matched":0,"total":0,"unchecked":0,"uncheckedKeysByFile":[],"unmatched":0,"updated":0},"startTime":1774120585875,"success":false,"testResults":[{"assertionResults":[{"ancestorTitles":["🤝 Arkadaşlık"],"duration":358,"failing":false,"failureDetails":[],"failureMessages":[],"fullName":"🤝 Arkadaşlık Arkadaşlık isteği gönderme","invocations":1,"location":null,"numPassingAsserts":1,"retryReasons":[],"startAt":1774120589625,"status":"passed","title":"Arkadaşlık isteği gönderme"},{"ancestorTitles":["🤝 Arkadaşlık"],"duration":41,"failing":false,"failureDetails":[],"failureMessages":[],"fullName":"🤝 Arkadaşlık Bekleyen istek varken tekrar istek engeli","invocations":1,"location":null,"numPassingAsserts":1,"retryReasons":[],"startAt":1774120589984,"status":"passed","title":"Bekleyen istek varken tekrar istek engeli"},{"ancestorTitles":["🤝 Arkadaşlık"],"duration":20,"failing":false,"failureDetails":[{}],"failureMessages":["Error: expect(received).toBeGreaterThanOrEqual(expected)\n\nMatcher error: received value must be a number or bigint\n\nReceived has value: undefined\n    at Object.<anonymous> (C:\\Users\\Abdulkadir\\Cosmic_Connect\\backend\\src\\__tests__\\03-features-admin-infra.test.ts:45:33)\n    at processTicksAndRejections (node:internal/process/task_queues:104:5)"],"fullName":"🤝 Arkadaşlık Bekleyen istekler listesi","invocations":1,"location":null,"numPassingAsserts":1,"retryReasons":[],"startAt":1774120590025,"status":"failed","title":"Bekleyen istekler listesi"},{"ancestorTitles":["🤝 Arkadaşlık"],"duration":17,"failing":false,"failureDetails":[],"failureMessages":[],"fullName":"🤝 Arkadaşlık İstek kabul etme","invocations":1,"location":null,"numPassingAsserts":0,"retryReasons":[],"startAt":1774120590046,"status":"passed","title":"İstek kabul etme"},{"ancestorTitles":["🤝 Arkadaşlık"],"duration":18,"failing":false,"failureDetails":[],"failureMessages":[],"fullName":"🤝 Arkadaşlık Arkadaş listesi","invocations":1,"location":null,"numPassingAsserts":1,"retryReasons":[],"startAt":1774120590064,"status":"passed","title":"Arkadaş listesi"},{"ancestorTitles":["🤝 Arkadaşlık"],"duration":18,"failing":false,"failureDetails":[],"failureMessages":[],"fullName":"🤝 Arkadaşlık İstek durumu kontrolü","invocations":1,"location":null,"numPassingAsserts":1,"retryReasons":[],"startAt":1774120590083,"status":"passed","title":"İstek durumu kontrolü"},{"ancestorTitles":["🤝 Arkadaşlık"],"duration":16,"failing":false,"failureDetails":[],"failureMessages":[],"fullName":"🤝 Arkadaşlık Arkadaş silme","invocations":1,"location":null,"numPassingAsserts":1,"retryReasons":[],"startAt":1774120590102,"status":"passed","title":"Arkadaş silme"},{"ancestorTitles":["🤝 Arkadaşlık"],"duration":39,"failing":false,"failureDetails":[],"failureMessages":[],"fullName":"🤝 Arkadaşlık Uyumluluk raporu","invocations":1,"location":null,"numPassingAsserts":1,"retryReasons":[],"startAt":1774120590118,"status":"passed","title":"Uyumluluk raporu"},{"ancestorTitles":["🤝 Arkadaşlık"],"duration":121,"failing":false,"failureDetails":[],"failureMessages":[],"fullName":"🤝 Arkadaşlık Eşleşme keşif listesi dönüyor","invocations":1,"location":null,"numPassingAsserts":1,"retryReasons":[],"startAt":1774120590157,"status":"passed","title":"Eşleşme keşif listesi dönüyor"},{"ancestorTitles":["🤝 Arkadaşlık"],"duration":17,"failing":false,"failureDetails":[],"failureMessages":[],"fullName":"🤝 Arkadaşlık Kendin keşif listesinde görünmüyorsun","invocations":1,"location":null,"numPassingAsserts":1,"retryReasons":[],"startAt":1774120590278,"status":"passed","title":"Kendin keşif listesinde görünmüyorsun"},{"ancestorTitles":["🃏 Tarot"],"duration":16,"failing":false,"failureDetails":[],"failureMessages":[],"fullName":"🃏 Tarot Günlük tarot durumu","invocations":1,"location":null,"numPassingAsserts":2,"retryReasons":[],"startAt":1774120590295,"status":"passed","title":"Günlük tarot durumu"},{"ancestorTitles":["🃏 Tarot"],"duration":111,"failing":false,"failureDetails":[],"failureMessages":[],"fullName":"🃏 Tarot Tarot çekme","invocations":1,"location":null,"numPassingAsserts":1,"retryReasons":[],"startAt":1774120590312,"status":"passed","title":"Tarot çekme"},{"ancestorTitles":["🃏 Tarot"],"duration":25,"failing":false,"failureDetails":[],"failureMessages":[],"fullName":"🃏 Tarot Aynı gün tekrar çekme durumu","invocations":1,"location":null,"numPassingAsserts":1,"retryReasons":[],"startAt":1774120590423,"status":"passed","title":"Aynı gün tekrar çekme durumu"},{"ancestorTitles":["🃏 Tarot"],"duration":98,"failing":false,"failureDetails":[],"failureMessages":[],"fullName":"🃏 Tarot İkinci kullanıcı tarot çekebilir","invocations":1,"location":null,"numPassingAsserts":1,"retryReasons":[],"startAt":1774120590448,"status":"passed","title":"İkinci kullanıcı tarot çekebilir"},{"ancestorTitles":["🌍 Grup Sohbet"],"duration":29,"failing":false,"failureDetails":[],"failureMessages":[],"fullName":"🌍 Grup Sohbet Burç odasındaki mesajları getirme","invocations":1,"location":null,"numPassingAsserts":2,"retryReasons":[],"startAt":1774120590546,"status":"passed","title":"Burç odasındaki mesajları getirme"},{"ancestorTitles":["🌍 Grup Sohbet"],"duration":12,"failing":false,"failureDetails":[],"failureMessages":[],"fullName":"🌍 Grup Sohbet Farklı burç odası","invocations":1,"location":null,"numPassingAsserts":1,"retryReasons":[],"startAt":1774120590576,"status":"passed","title":"Farklı burç odası"},{"ancestorTitles":["🌍 Grup Sohbet"],"duration":12,"failing":false,"failureDetails":[],"failureMessages":[],"fullName":"🌍 Grup Sohbet Mesajlar dizi olarak dönüyor","invocations":1,"location":null,"numPassingAsserts":1,"retryReasons":[],"startAt":1774120590589,"status":"passed","title":"Mesajlar dizi olarak dönüyor"},{"ancestorTitles":["🌍 Grup Sohbet"],"duration":14,"failing":false,"failureDetails":[],"failureMessages":[],"fullName":"🌍 Grup Sohbet Giriş yapmadan grup mesajı erişim engeli","invocations":1,"location":null,"numPassingAsserts":1,"retryReasons":[],"startAt":1774120590601,"status":"passed","title":"Giriş yapmadan grup mesajı erişim engeli"},{"ancestorTitles":["🚨 Raporlama"],"duration":106,"failing":false,"failureDetails":[],"failureMessages":[],"fullName":"🚨 Raporlama Rapor gönderme","invocations":1,"location":null,"numPassingAsserts":1,"retryReasons":[],"startAt":1774120590615,"status":"passed","title":"Rapor gönderme"},{"ancestorTitles":["🚨 Raporlama"],"duration":12,"failing":false,"failureDetails":[],"failureMessages":[],"fullName":"🚨 Raporlama Kendini raporlama engeli","invocations":1,"location":null,"numPassingAsserts":1,"retryReasons":[],"startAt":1774120590721,"status":"passed","title":"Kendini raporlama engeli"},{"ancestorTitles":["🚨 Raporlama"],"duration":13,"failing":false,"failureDetails":[],"failureMessages":[],"fullName":"🚨 Raporlama Aynı kişiyi tekrar raporlama engeli","invocations":1,"location":null,"numPassingAsserts":1,"retryReasons":[],"startAt":1774120590734,"status":"passed","title":"Aynı kişiyi tekrar raporlama engeli"},{"ancestorTitles":["🚨 Raporlama"],"duration":13,"failing":false,"failureDetails":[],"failureMessages":[],"fullName":"🚨 Raporlama 500 karakterden uzun sebep engeli","invocations":1,"location":null,"numPassingAsserts":1,"retryReasons":[],"startAt":1774120590747,"status":"passed","title":"500 karakterden uzun sebep engeli"},{"ancestorTitles":["🚨 Raporlama"],"duration":15,"failing":false,"failureDetails":[],"failureMessages":[],"fullName":"🚨 Raporlama Zorunlu alan olmadan rapor engeli","invocations":1,"location":null,"numPassingAsserts":1,"retryReasons":[],"startAt":1774120590761,"status":"passed","title":"Zorunlu alan olmadan rapor engeli"},{"ancestorTitles":["🚨 Raporlama"],"duration":29,"failing":false,"failureDetails":[],"failureMessages":[],"fullName":"🚨 Raporlama Yönetici rapor listesi","invocations":1,"location":null,"numPassingAsserts":1,"retryReasons":[],"startAt":1774120590776,"status":"passed","title":"Yönetici rapor listesi"},{"ancestorTitles":["🛡️ Yönetici Paneli"],"duration":16,"failing":false,"failureDetails":[],"failureMessages":[],"fullName":"🛡️ Yönetici Paneli Kullanıcı listesi","invocations":1,"location":null,"numPassingAsserts":2,"retryReasons":[],"startAt":1774120590806,"status":"passed","title":"Kullanıcı listesi"},{"ancestorTitles":["🛡️ Yönetici Paneli"],"duration":16,"failing":false,"failureDetails":[],"failureMessages":[],"fullName":"🛡️ Yönetici Paneli Sayfalama çalışıyor","invocations":1,"location":null,"numPassingAsserts":2,"retryReasons":[],"startAt":1774120590822,"status":"passed","title":"Sayfalama çalışıyor"},{"ancestorTitles":["🛡️ Yönetici Paneli"],"duration":21,"failing":false,"failureDetails":[],"failureMessages":[],"fullName":"🛡️ Yönetici Paneli İstatistik paneli","invocations":1,"location":null,"numPassingAsserts":2,"retryReasons":[],"startAt":1774120590838,"status":"passed","title":"İstatistik paneli"},{"ancestorTitles":["🛡️ Yönetici Paneli"],"duration":14,"failing":false,"failureDetails":[],"failureMessages":[],"fullName":"🛡️ Yönetici Paneli Finans raporu","invocations":1,"location":null,"numPassingAsserts":1,"retryReasons":[],"startAt":1774120590859,"status":"passed","title":"Finans raporu"},{"ancestorTitles":["🛡️ Yönetici Paneli"],"duration":21,"failing":false,"failureDetails":[],"failureMessages":[],"fullName":"🛡️ Yönetici Paneli Kullanıcı güncelleme","invocations":1,"location":null,"numPassingAsserts":1,"retryReasons":[],"startAt":1774120590874,"status":"passed","title":"Kullanıcı güncelleme"},{"ancestorTitles":["🛡️ Yönetici Paneli"],"duration":15,"failing":false,"failureDetails":[],"failureMessages":[],"fullName":"🛡️ Yönetici Paneli Güncelleme yanıtında şifre yok","invocations":1,"location":null,"numPassingAsserts":1,"retryReasons":[],"startAt":1774120590895,"status":"passed","title":"Güncelleme yanıtında şifre yok"},{"ancestorTitles":["🛡️ Yönetici Paneli"],"duration":12,"failing":false,"failureDetails":[],"failureMessages":[],"fullName":"🛡️ Yönetici Paneli Geçersiz rol engeli","invocations":1,"location":null,"numPassingAsserts":1,"retryReasons":[],"startAt":1774120590911,"status":"passed","title":"Geçersiz rol engeli"},{"ancestorTitles":["🛡️ Yönetici Paneli"],"duration":13,"failing":false,"failureDetails":[],"failureMessages":[],"fullName":"🛡️ Yönetici Paneli Randevu listesi","invocations":1,"location":null,"numPassingAsserts":1,"retryReasons":[],"startAt":1774120590923,"status":"passed","title":"Randevu listesi"},{"ancestorTitles":["🏗️ Altyapı"],"duration":11,"failing":false,"failureDetails":[],"failureMessages":[],"fullName":"🏗️ Altyapı Sağlık kontrolü","invocations":1,"location":null,"numPassingAsserts":2,"retryReasons":[],"startAt":1774120590936,"status":"passed","title":"Sağlık kontrolü"},{"ancestorTitles":["🏗️ Altyapı"],"duration":2,"failing":false,"failureDetails":[],"failureMessages":[],"fullName":"🏗️ Altyapı Veritabanı bağlantısı","invocations":1,"location":null,"numPassingAsserts":1,"retryReasons":[],"startAt":1774120590948,"status":"passed","title":"Veritabanı bağlantısı"},{"ancestorTitles":["🏗️ Altyapı"],"duration":1,"failing":false,"failureDetails":[],"failureMessages":[],"fullName":"🏗️ Altyapı JWT secret tanımlı","invocations":1,"location":null,"numPassingAsserts":2,"retryReasons":[],"startAt":1774120590951,"status":"passed","title":"JWT secret tanımlı"},{"ancestorTitles":["🏗️ Altyapı"],"duration":12,"failing":false,"failureDetails":[],"failureMessages":[],"fullName":"🏗️ Altyapı Olmayan endpoint → 404","invocations":1,"location":null,"numPassingAsserts":1,"retryReasons":[],"startAt":1774120590952,"status":"passed","title":"Olmayan endpoint → 404"},{"ancestorTitles":["💾 Veri Tutarlılığı"],"duration":116,"failing":false,"failureDetails":[],"failureMessages":[],"fullName":"💾 Veri Tutarlılığı XP ekleme ve seviye hesaplama","invocations":1,"location":null,"numPassingAsserts":1,"retryReasons":[],"startAt":1774120590964,"status":"passed","title":"XP ekleme ve seviye hesaplama"},{"ancestorTitles":["💾 Veri Tutarlılığı"],"duration":3,"failing":false,"failureDetails":[],"failureMessages":[],"fullName":"💾 Veri Tutarlılığı Rozet kontrol sistemi çalışıyor","invocations":1,"location":null,"numPassingAsserts":1,"retryReasons":[],"startAt":1774120591081,"status":"passed","title":"Rozet kontrol sistemi çalışıyor"},{"ancestorTitles":["💾 Veri Tutarlılığı"],"duration":2,"failing":false,"failureDetails":[],"failureMessages":[],"fullName":"💾 Veri Tutarlılığı Burç uyumluluk puanı 0-100 arası","invocations":1,"location":null,"numPassingAsserts":2,"retryReasons":[],"startAt":1774120591084,"status":"passed","title":"Burç uyumluluk puanı 0-100 arası"},{"ancestorTitles":["💾 Veri Tutarlılığı"],"duration":1,"failing":false,"failureDetails":[],"failureMessages":[],"fullName":"💾 Veri Tutarlılığı Burç önbelleği çalışıyor","invocations":1,"location":null,"numPassingAsserts":1,"retryReasons":[],"startAt":1774120591086,"status":"passed","title":"Burç önbelleği çalışıyor"}],"endTime":1774120591443,"message":"  ● 🤝 Arkadaşlık › Bekleyen istekler listesi\n\n    expect(received).toBeGreaterThanOrEqual(expected)\n\n    Matcher error: received value must be a number or bigint\n\n    Received has value: undefined\n\n    \u001b[0m \u001b[90m 43 |\u001b[39m         \u001b[36mconst\u001b[39m res \u001b[33m=\u001b[39m \u001b[36mawait\u001b[39m request(app)\u001b[33m.\u001b[39m\u001b[36mget\u001b[39m(\u001b[32m'/api/user/friend-requests'\u001b[39m)\u001b[33m.\u001b[39m\u001b[36mset\u001b[39m(\u001b[32m'Authorization'\u001b[39m\u001b[33m,\u001b[39m \u001b[32m`Bearer ${token2}`\u001b[39m)\u001b[33m;\u001b[39m\n     \u001b[90m 44 |\u001b[39m         expect(res\u001b[33m.\u001b[39mstatus)\u001b[33m.\u001b[39mtoBe(\u001b[35m200\u001b[39m)\u001b[33m;\u001b[39m\n    \u001b[31m\u001b[1m>\u001b[22m\u001b[39m\u001b[90m 45 |\u001b[39m         expect(res\u001b[33m.\u001b[39mbody\u001b[33m.\u001b[39mlength)\u001b[33m.\u001b[39mtoBeGreaterThanOrEqual(\u001b[35m1\u001b[39m)\u001b[33m;\u001b[39m\n     \u001b[90m    |\u001b[39m                                 \u001b[31m\u001b[1m^\u001b[22m\u001b[39m\n     \u001b[90m 46 |\u001b[39m     })\u001b[33m;\u001b[39m\n     \u001b[90m 47 |\u001b[39m\n     \u001b[90m 48 |\u001b[39m     test(\u001b[32m'İstek kabul etme'\u001b[39m\u001b[33m,\u001b[39m \u001b[36masync\u001b[39m () \u001b[33m=>\u001b[39m {\u001b[0m\n\n      at Object.<anonymous> (src/__tests__/03-features-admin-infra.test.ts:45:33)\n","name":"C:\\Users\\Abdulkadir\\Cosmic_Connect\\backend\\src\\__tests__\\03-features-admin-infra.test.ts","startTime":1774120586183,"status":"failed","summary":""}],"wasInterrupted":false}
